<?xml version="1.0" encoding="UTF-8" standalone="no"?>
<!DOCTYPE log SYSTEM "logger.dtd">
<log>
<record>
  <date>2020-12-20T15:37:43</date>
  <millis>1608467863549</millis>
  <sequence>0</sequence>
  <logger>lab6</logger>
  <level>INFO</level>
  <class>ru.bmstu.lab6.AnonymRequestsApp</class>
  <method>main</method>
  <thread>1</thread>
  <message>start!</message>
</record>
<record>
  <date>2020-12-20T15:37:44</date>
  <millis>1608467864570</millis>
  <sequence>1</sequence>
  <logger>lab6</logger>
  <level>INFO</level>
  <class>ru.bmstu.lab6.ZooKeeperConn</class>
  <method>process</method>
  <thread>19</thread>
  <message>WatchedEvent state:SyncConnected type:NodeChildrenChanged path:/servers</message>
</record>
<record>
  <date>2020-12-20T15:37:45</date>
  <millis>1608467865290</millis>
  <sequence>2</sequence>
  <logger>lab6</logger>
  <level>INFO</level>
  <class>ru.bmstu.lab6.AnonymRequestsApp</class>
  <method>main</method>
  <thread>1</thread>
  <message>Server online at http://localhost:1996
 Press any button to stop...</message>
</record>
<record>
  <date>2020-12-20T15:37:45</date>
  <millis>1608467865982</millis>
  <sequence>3</sequence>
  <logger>lab6</logger>
  <level>INFO</level>
  <class>ru.bmstu.lab6.ZooKeeperConn</class>
  <method>process</method>
  <thread>19</thread>
  <message>WatchedEvent state:SyncConnected type:NodeChildrenChanged path:/servers</message>
</record>
<record>
  <date>2020-12-20T15:37:57</date>
  <millis>1608467877688</millis>
  <sequence>4</sequence>
  <logger>lab6</logger>
  <level>INFO</level>
  <class>ru.bmstu.lab6.HttpServer</class>
  <method>lambda$null$1</method>
  <thread>21</thread>
  <message>Sending request to http://localhost:19960000000011?url=http://rambler.ru&amp;count=19</message>
</record>
<record>
  <date>2020-12-20T15:38:13</date>
  <millis>1608467893319</millis>
  <sequence>5</sequence>
  <logger>lab6</logger>
  <level>INFO</level>
  <class>ru.bmstu.lab6.HttpServer</class>
  <method>lambda$null$1</method>
  <thread>14</thread>
  <message>Sending request to http://localhost:19960000000011?url=http://rambler.ru&amp;count=19</message>
</record>
